0 info it worked if it ends with ok
1 verbose cli [ '/usr/local/Cellar/node/0.10.20/bin/node',
1 verbose cli   '/usr/local/bin/npm',
1 verbose cli   'adduser',
1 verbose cli   'adriaan' ]
2 info using npm@1.3.11
3 info using node@v0.10.20
4 verbose adduser before first PUT { name: 'adriaan',
4 verbose adduser   salt: 'XXXXX',
4 verbose adduser   password_sha: 'XXXXX',
4 verbose adduser   email: 'adriaan.pelzer@gmail.com',
4 verbose adduser   _id: 'org.couchdb.user:adriaan',
4 verbose adduser   type: 'user',
4 verbose adduser   roles: [],
4 verbose adduser   date: '2014-01-15T22:31:06.771Z' }
5 verbose url raw /-/user/org.couchdb.user:adriaan
6 verbose url resolving [ 'https://registry.npmjs.org/',
6 verbose url resolving   './-/user/org.couchdb.user:adriaan' ]
7 verbose url resolved https://registry.npmjs.org/-/user/org.couchdb.user:adriaan
8 info trying registry request attempt 1 at 22:31:06
9 http PUT https://registry.npmjs.org/-/user/org.couchdb.user:adriaan
10 http 409 https://registry.npmjs.org/-/user/org.couchdb.user:adriaan
11 verbose adduser update existing user
12 verbose url raw /-/user/org.couchdb.user:adriaan
13 verbose url resolving [ 'https://registry.npmjs.org/',
13 verbose url resolving   './-/user/org.couchdb.user:adriaan' ]
14 verbose url resolved https://registry.npmjs.org/-/user/org.couchdb.user:adriaan
15 info trying registry request attempt 1 at 22:31:07
16 http GET https://registry.npmjs.org/-/user/org.couchdb.user:adriaan
17 http 401 https://registry.npmjs.org/-/user/org.couchdb.user:adriaan
18 verbose adduser back [ [Error: unauthorized Name or password is incorrect.: -/user/org.couchdb.user:adriaan],
18 verbose adduser   { error: 'unauthorized',
18 verbose adduser     reason: 'Name or password is incorrect.' },
18 verbose adduser   '{"error":"unauthorized","reason":"Name or password is incorrect."}\n' ]
19 warn adduser Incorrect username or password
19 warn adduser You can reset your account by visiting:
19 warn adduser
19 warn adduser     http://admin.npmjs.org/reset
20 error Error: unauthorized Name or password is incorrect.: -/user/org.couchdb.user:adriaan
20 error     at RegClient.<anonymous> (/usr/local/Cellar/node/0.10.20/lib/node_modules/npm/node_modules/npm-registry-client/lib/request.js:272:14)
20 error     at Request.self.callback (/usr/local/Cellar/node/0.10.20/lib/node_modules/npm/node_modules/request/request.js:129:22)
20 error     at Request.EventEmitter.emit (events.js:98:17)
20 error     at Request.<anonymous> (/usr/local/Cellar/node/0.10.20/lib/node_modules/npm/node_modules/request/request.js:873:14)
20 error     at Request.EventEmitter.emit (events.js:117:20)
20 error     at IncomingMessage.<anonymous> (/usr/local/Cellar/node/0.10.20/lib/node_modules/npm/node_modules/request/request.js:824:12)
20 error     at IncomingMessage.EventEmitter.emit (events.js:117:20)
20 error     at _stream_readable.js:920:16
20 error     at process._tickCallback (node.js:415:13)
21 error If you need help, you may report this log at:
21 error     <http://github.com/isaacs/npm/issues>
21 error or email it to:
21 error     <npm-@googlegroups.com>
22 error System Darwin 13.0.0
23 error command "/usr/local/Cellar/node/0.10.20/bin/node" "/usr/local/bin/npm" "adduser" "adriaan"
24 error cwd /Users/adriaan/Work/SemanticSwitch
25 error node -v v0.10.20
26 error npm -v 1.3.11
27 verbose exit [ 1, true ]
